<?xml version="1.0" encoding="UTF-8"?>
<testng-results ignored="0" total="1" passed="1" failed="0" skipped="0">
  <reporter-output>
  </reporter-output>
  <suite started-at="2022-05-27T21:59:35 IST" name="Default suite" finished-at="2022-05-27T22:01:05 IST" duration-ms="89644">
    <groups>
      <group name="cucumber">
        <method signature="AbstractTestNGCucumberTests.runScenario(io.cucumber.testng.PickleWrapper,io.cucumber.testng.FeatureWrapper)[pri:0, instance:Runnerpkg_BDD.TestRunner@51acdf2e]" name="runScenario" class="io.cucumber.testng.AbstractTestNGCucumberTests"/>
      </group> <!-- cucumber -->
    </groups>
    <test started-at="2022-05-27T21:59:35 IST" name="Default test" finished-at="2022-05-27T22:01:05 IST" duration-ms="89644">
      <class name="Runnerpkg_BDD.TestRunner">
        <test-method is-config="true" signature="setUpClass()[pri:0, instance:Runnerpkg_BDD.TestRunner@51acdf2e]" started-at="2022-05-27T21:59:35 IST" name="setUpClass" finished-at="2022-05-27T21:59:35 IST" duration-ms="63" status="PASS">
          <reporter-output>
          </reporter-output>
        </test-method> <!-- setUpClass -->
        <test-method signature="runScenario(io.cucumber.testng.PickleWrapper,io.cucumber.testng.FeatureWrapper)[pri:0, instance:Runnerpkg_BDD.TestRunner@51acdf2e]" started-at="2022-05-27T21:59:35 IST" name="runScenario" description="Runs Cucumber Scenarios" data-provider="scenarios" finished-at="2022-05-27T22:01:04 IST" duration-ms="88286" status="PASS">
          <params>
            <param index="0">
              <value>
                <![CDATA["check chaptor1 link"]]>
              </value>
            </param>
            <param index="1">
              <value>
                <![CDATA["Optional[Demo1 feature]"]]>
              </value>
            </param>
          </params>
          <reporter-output>
          </reporter-output>
        </test-method> <!-- runScenario -->
        <test-method is-config="true" signature="tearDownClass()[pri:0, instance:Runnerpkg_BDD.TestRunner@51acdf2e]" started-at="2022-05-27T22:01:04 IST" name="tearDownClass" finished-at="2022-05-27T22:01:05 IST" duration-ms="1129" status="PASS">
          <reporter-output>
          </reporter-output>
        </test-method> <!-- tearDownClass -->
      </class> <!-- Runnerpkg_BDD.TestRunner -->
    </test> <!-- Default test -->
  </suite> <!-- Default suite -->
</testng-results>
